INFO 2025-08-26 22:58:11,756 autoreload 9212 33460 Watching for file changes with StatReloader
INFO 2025-08-26 23:25:10,414 autoreload 21220 22276 Watching for file changes with StatReloader
WARNING 2025-08-26 23:25:17,618 log 21220 30080 Bad Request: /api/auth/login/
WARNING 2025-08-26 23:25:17,619 basehttp 21220 30080 "POST /api/auth/login/ HTTP/1.1" 400 134
ERROR 2025-08-26 23:26:26,738 redis 21220 30080 Connection to Redis lost: Retry (0/20) now.
ERROR 2025-08-26 23:26:30,843 redis 21220 30080 Connection to Redis lost: Retry (1/20) in 1.00 second.
ERROR 2025-08-26 23:26:35,922 redis 21220 30080 Connection to Redis lost: Retry (2/20) in 1.00 second.
ERROR 2025-08-26 23:26:41,034 redis 21220 30080 Connection to Redis lost: Retry (3/20) in 1.00 second.
ERROR 2025-08-26 23:26:46,152 redis 21220 30080 Connection to Redis lost: Retry (4/20) in 1.00 second.
ERROR 2025-08-26 23:26:51,230 redis 21220 30080 Connection to Redis lost: Retry (5/20) in 1.00 second.
ERROR 2025-08-26 23:26:56,309 redis 21220 30080 Connection to Redis lost: Retry (6/20) in 1.00 second.
ERROR 2025-08-26 23:27:01,437 redis 21220 30080 Connection to Redis lost: Retry (7/20) in 1.00 second.
WARNING 2025-08-26 23:27:05,877 log 21220 6112 Bad Request: /api/auth/register/email/
WARNING 2025-08-26 23:27:05,877 basehttp 21220 6112 "POST /api/auth/register/email/ HTTP/1.1" 400 134
ERROR 2025-08-26 23:27:06,534 redis 21220 30080 Connection to Redis lost: Retry (8/20) in 1.00 second.
ERROR 2025-08-26 23:27:11,660 redis 21220 30080 Connection to Redis lost: Retry (9/20) in 1.00 second.
ERROR 2025-08-26 23:27:16,776 redis 21220 30080 Connection to Redis lost: Retry (10/20) in 1.00 second.
ERROR 2025-08-26 23:27:21,849 redis 21220 30080 Connection to Redis lost: Retry (11/20) in 1.00 second.
ERROR 2025-08-26 23:27:26,928 redis 21220 30080 Connection to Redis lost: Retry (12/20) in 1.00 second.
ERROR 2025-08-26 23:27:32,001 redis 21220 30080 Connection to Redis lost: Retry (13/20) in 1.00 second.
ERROR 2025-08-26 23:27:33,530 redis 21220 6112 Connection to Redis lost: Retry (0/20) now.
ERROR 2025-08-26 23:27:37,090 redis 21220 30080 Connection to Redis lost: Retry (14/20) in 1.00 second.
ERROR 2025-08-26 23:27:37,601 redis 21220 6112 Connection to Redis lost: Retry (1/20) in 1.00 second.
ERROR 2025-08-26 23:27:42,181 redis 21220 30080 Connection to Redis lost: Retry (15/20) in 1.00 second.
ERROR 2025-08-26 23:27:42,710 redis 21220 6112 Connection to Redis lost: Retry (2/20) in 1.00 second.
ERROR 2025-08-26 23:27:47,257 redis 21220 30080 Connection to Redis lost: Retry (16/20) in 1.00 second.
ERROR 2025-08-26 23:27:47,785 redis 21220 6112 Connection to Redis lost: Retry (3/20) in 1.00 second.
ERROR 2025-08-26 23:27:52,331 redis 21220 30080 Connection to Redis lost: Retry (17/20) in 1.00 second.
ERROR 2025-08-26 23:27:52,857 redis 21220 6112 Connection to Redis lost: Retry (4/20) in 1.00 second.
ERROR 2025-08-26 23:27:57,406 redis 21220 30080 Connection to Redis lost: Retry (18/20) in 1.00 second.
ERROR 2025-08-26 23:27:57,952 redis 21220 6112 Connection to Redis lost: Retry (5/20) in 1.00 second.
ERROR 2025-08-26 23:28:02,533 redis 21220 30080 Connection to Redis lost: Retry (19/20) in 1.00 second.
ERROR 2025-08-26 23:28:03,047 redis 21220 6112 Connection to Redis lost: Retry (6/20) in 1.00 second.
CRITICAL 2025-08-26 23:28:07,618 redis 21220 30080 
Retry limit exceeded while trying to reconnect to the Celery redis result store backend. The Celery application must be restarted.

ERROR 2025-08-26 23:28:07,623 exceptions 21220 30080 Unexpected error: Error 10061 connecting to localhost:6379. No connection could be made because the target machine actively refused it.
Traceback (most recent call last):
  File "C:\Users\hp\Desktop\ashish\frontend\backend\venv\lib\site-packages\redis\connection.py", line 264, in connect
    sock = self.retry.call_with_retry(
  File "C:\Users\hp\Desktop\ashish\frontend\backend\venv\lib\site-packages\redis\retry.py", line 46, in call_with_retry
    return do()
  File "C:\Users\hp\Desktop\ashish\frontend\backend\venv\lib\site-packages\redis\connection.py", line 265, in <lambda>
    lambda: self._connect(), lambda error: self.disconnect(error)
  File "C:\Users\hp\Desktop\ashish\frontend\backend\venv\lib\site-packages\redis\connection.py", line 627, in _connect
    raise err
  File "C:\Users\hp\Desktop\ashish\frontend\backend\venv\lib\site-packages\redis\connection.py", line 615, in _connect
    sock.connect(socket_address)
ConnectionRefusedError: [WinError 10061] No connection could be made because the target machine actively refused it

During handling of the above exception, another exception occurred:

Traceback (most recent call last):
  File "C:\Users\hp\Desktop\ashish\frontend\backend\venv\lib\site-packages\celery\backends\redis.py", line 127, in reconnect_on_error
    yield
  File "C:\Users\hp\Desktop\ashish\frontend\backend\venv\lib\site-packages\celery\backends\redis.py", line 177, in _consume_from
    self._pubsub.subscribe(key)
  File "C:\Users\hp\Desktop\ashish\frontend\backend\venv\lib\site-packages\redis\client.py", line 916, in subscribe
    ret_val = self.execute_command("SUBSCRIBE", *new_channels.keys())
  File "C:\Users\hp\Desktop\ashish\frontend\backend\venv\lib\site-packages\redis\client.py", line 749, in execute_command
    self.connection = self.connection_pool.get_connection(
  File "C:\Users\hp\Desktop\ashish\frontend\backend\venv\lib\site-packages\redis\connection.py", line 1086, in get_connection
    connection.connect()
  File "C:\Users\hp\Desktop\ashish\frontend\backend\venv\lib\site-packages\redis\connection.py", line 270, in connect
    raise ConnectionError(self._error_message(e))
redis.exceptions.ConnectionError: Error 10061 connecting to localhost:6379. No connection could be made because the target machine actively refused it.

During handling of the above exception, another exception occurred:

Traceback (most recent call last):
  File "C:\Users\hp\Desktop\ashish\frontend\backend\venv\lib\site-packages\redis\connection.py", line 264, in connect
    sock = self.retry.call_with_retry(
  File "C:\Users\hp\Desktop\ashish\frontend\backend\venv\lib\site-packages\redis\retry.py", line 46, in call_with_retry
    return do()
  File "C:\Users\hp\Desktop\ashish\frontend\backend\venv\lib\site-packages\redis\connection.py", line 265, in <lambda>
    lambda: self._connect(), lambda error: self.disconnect(error)
  File "C:\Users\hp\Desktop\ashish\frontend\backend\venv\lib\site-packages\redis\connection.py", line 627, in _connect
    raise err
  File "C:\Users\hp\Desktop\ashish\frontend\backend\venv\lib\site-packages\redis\connection.py", line 615, in _connect
    sock.connect(socket_address)
ConnectionRefusedError: [WinError 10061] No connection could be made because the target machine actively refused it

During handling of the above exception, another exception occurred:

Traceback (most recent call last):
  File "C:\Users\hp\Desktop\ashish\frontend\backend\venv\lib\site-packages\kombu\connection.py", line 472, in _reraise_as_library_errors
    yield
  File "C:\Users\hp\Desktop\ashish\frontend\backend\venv\lib\site-packages\celery\app\base.py", line 797, in send_task
    self.backend.on_task_call(P, task_id)
  File "C:\Users\hp\Desktop\ashish\frontend\backend\venv\lib\site-packages\celery\backends\redis.py", line 373, in on_task_call
    self.result_consumer.consume_from(task_id)
  File "C:\Users\hp\Desktop\ashish\frontend\backend\venv\lib\site-packages\celery\backends\redis.py", line 169, in consume_from
    return self.start(task_id)
  File "C:\Users\hp\Desktop\ashish\frontend\backend\venv\lib\site-packages\celery\backends\redis.py", line 147, in start
    self._consume_from(initial_task_id)
  File "C:\Users\hp\Desktop\ashish\frontend\backend\venv\lib\site-packages\celery\backends\redis.py", line 176, in _consume_from
    with self.reconnect_on_error():
  File "C:\Users\hp\AppData\Local\Programs\Python\Python310\lib\contextlib.py", line 153, in __exit__
    self.gen.throw(typ, value, traceback)
  File "C:\Users\hp\Desktop\ashish\frontend\backend\venv\lib\site-packages\celery\backends\redis.py", line 130, in reconnect_on_error
    self._ensure(self._reconnect_pubsub, ())
  File "C:\Users\hp\Desktop\ashish\frontend\backend\venv\lib\site-packages\celery\backends\redis.py", line 384, in ensure
    return retry_over_time(
  File "C:\Users\hp\Desktop\ashish\frontend\backend\venv\lib\site-packages\kombu\utils\functional.py", line 318, in retry_over_time
    return fun(*args, **kwargs)
  File "C:\Users\hp\Desktop\ashish\frontend\backend\venv\lib\site-packages\celery\backends\redis.py", line 106, in _reconnect_pubsub
    metas = self.backend.client.mget(self.subscribed_to)
  File "C:\Users\hp\Desktop\ashish\frontend\backend\venv\lib\site-packages\redis\commands\core.py", line 2015, in mget
    return self.execute_command("MGET", *args, **options)
  File "C:\Users\hp\Desktop\ashish\frontend\backend\venv\lib\site-packages\redis\client.py", line 533, in execute_command
    conn = self.connection or pool.get_connection(command_name, **options)
  File "C:\Users\hp\Desktop\ashish\frontend\backend\venv\lib\site-packages\redis\connection.py", line 1086, in get_connection
    connection.connect()
  File "C:\Users\hp\Desktop\ashish\frontend\backend\venv\lib\site-packages\redis\connection.py", line 270, in connect
    raise ConnectionError(self._error_message(e))
redis.exceptions.ConnectionError: Error 10061 connecting to localhost:6379. No connection could be made because the target machine actively refused it.

The above exception was the direct cause of the following exception:

Traceback (most recent call last):
  File "C:\Users\hp\Desktop\ashish\frontend\backend\venv\lib\site-packages\rest_framework\views.py", line 506, in dispatch
    response = handler(request, *args, **kwargs)
  File "C:\Users\hp\Desktop\ashish\frontend\backend\venv\lib\site-packages\rest_framework\decorators.py", line 50, in handler
    return func(*args, **kwargs)
  File "C:\Users\hp\Desktop\ashish\frontend\backend\apps\authentication\views.py", line 43, in register_email
    send_verification_email.delay(user.id, token)
  File "C:\Users\hp\Desktop\ashish\frontend\backend\venv\lib\site-packages\celery\app\task.py", line 444, in delay
    return self.apply_async(args, kwargs)
  File "C:\Users\hp\Desktop\ashish\frontend\backend\venv\lib\site-packages\celery\app\task.py", line 594, in apply_async
    return app.send_task(
  File "C:\Users\hp\Desktop\ashish\frontend\backend\venv\lib\site-packages\celery\app\base.py", line 795, in send_task
    with P.connection._reraise_as_library_errors():
  File "C:\Users\hp\AppData\Local\Programs\Python\Python310\lib\contextlib.py", line 153, in __exit__
    self.gen.throw(typ, value, traceback)
  File "C:\Users\hp\Desktop\ashish\frontend\backend\venv\lib\site-packages\kombu\connection.py", line 476, in _reraise_as_library_errors
    raise ConnectionError(str(exc)) from exc
kombu.exceptions.OperationalError: Error 10061 connecting to localhost:6379. No connection could be made because the target machine actively refused it.
ERROR 2025-08-26 23:28:07,663 log 21220 30080 Internal Server Error: /api/auth/register/email/
INFO 2025-08-26 23:28:07,664 basehttp 21220 30080 - Broken pipe from ('127.0.0.1', 58936)
ERROR 2025-08-26 23:28:08,119 redis 21220 6112 Connection to Redis lost: Retry (7/20) in 1.00 second.
ERROR 2025-08-26 23:28:13,212 redis 21220 6112 Connection to Redis lost: Retry (8/20) in 1.00 second.
ERROR 2025-08-26 23:28:18,320 redis 21220 6112 Connection to Redis lost: Retry (9/20) in 1.00 second.
ERROR 2025-08-26 23:28:23,429 redis 21220 6112 Connection to Redis lost: Retry (10/20) in 1.00 second.
ERROR 2025-08-26 23:28:28,534 redis 21220 6112 Connection to Redis lost: Retry (11/20) in 1.00 second.
ERROR 2025-08-26 23:28:33,597 redis 21220 6112 Connection to Redis lost: Retry (12/20) in 1.00 second.
ERROR 2025-08-26 23:28:38,710 redis 21220 6112 Connection to Redis lost: Retry (13/20) in 1.00 second.
ERROR 2025-08-26 23:28:43,811 redis 21220 6112 Connection to Redis lost: Retry (14/20) in 1.00 second.
ERROR 2025-08-26 23:28:48,888 redis 21220 6112 Connection to Redis lost: Retry (15/20) in 1.00 second.
ERROR 2025-08-26 23:28:53,962 redis 21220 6112 Connection to Redis lost: Retry (16/20) in 1.00 second.
ERROR 2025-08-26 23:28:59,048 redis 21220 6112 Connection to Redis lost: Retry (17/20) in 1.00 second.
ERROR 2025-08-26 23:29:04,122 redis 21220 6112 Connection to Redis lost: Retry (18/20) in 1.00 second.
ERROR 2025-08-26 23:29:09,216 redis 21220 6112 Connection to Redis lost: Retry (19/20) in 1.00 second.
CRITICAL 2025-08-26 23:29:14,311 redis 21220 6112 
Retry limit exceeded while trying to reconnect to the Celery redis result store backend. The Celery application must be restarted.

ERROR 2025-08-26 23:29:14,312 exceptions 21220 6112 Unexpected error: Error 10061 connecting to localhost:6379. No connection could be made because the target machine actively refused it.
Traceback (most recent call last):
  File "C:\Users\hp\Desktop\ashish\frontend\backend\venv\lib\site-packages\redis\connection.py", line 264, in connect
    sock = self.retry.call_with_retry(
  File "C:\Users\hp\Desktop\ashish\frontend\backend\venv\lib\site-packages\redis\retry.py", line 46, in call_with_retry
    return do()
  File "C:\Users\hp\Desktop\ashish\frontend\backend\venv\lib\site-packages\redis\connection.py", line 265, in <lambda>
    lambda: self._connect(), lambda error: self.disconnect(error)
  File "C:\Users\hp\Desktop\ashish\frontend\backend\venv\lib\site-packages\redis\connection.py", line 627, in _connect
    raise err
  File "C:\Users\hp\Desktop\ashish\frontend\backend\venv\lib\site-packages\redis\connection.py", line 615, in _connect
    sock.connect(socket_address)
ConnectionRefusedError: [WinError 10061] No connection could be made because the target machine actively refused it

During handling of the above exception, another exception occurred:

Traceback (most recent call last):
  File "C:\Users\hp\Desktop\ashish\frontend\backend\venv\lib\site-packages\celery\backends\redis.py", line 127, in reconnect_on_error
    yield
  File "C:\Users\hp\Desktop\ashish\frontend\backend\venv\lib\site-packages\celery\backends\redis.py", line 177, in _consume_from
    self._pubsub.subscribe(key)
  File "C:\Users\hp\Desktop\ashish\frontend\backend\venv\lib\site-packages\redis\client.py", line 916, in subscribe
    ret_val = self.execute_command("SUBSCRIBE", *new_channels.keys())
  File "C:\Users\hp\Desktop\ashish\frontend\backend\venv\lib\site-packages\redis\client.py", line 749, in execute_command
    self.connection = self.connection_pool.get_connection(
  File "C:\Users\hp\Desktop\ashish\frontend\backend\venv\lib\site-packages\redis\connection.py", line 1086, in get_connection
    connection.connect()
  File "C:\Users\hp\Desktop\ashish\frontend\backend\venv\lib\site-packages\redis\connection.py", line 270, in connect
    raise ConnectionError(self._error_message(e))
redis.exceptions.ConnectionError: Error 10061 connecting to localhost:6379. No connection could be made because the target machine actively refused it.

During handling of the above exception, another exception occurred:

Traceback (most recent call last):
  File "C:\Users\hp\Desktop\ashish\frontend\backend\venv\lib\site-packages\redis\connection.py", line 264, in connect
    sock = self.retry.call_with_retry(
  File "C:\Users\hp\Desktop\ashish\frontend\backend\venv\lib\site-packages\redis\retry.py", line 46, in call_with_retry
    return do()
  File "C:\Users\hp\Desktop\ashish\frontend\backend\venv\lib\site-packages\redis\connection.py", line 265, in <lambda>
    lambda: self._connect(), lambda error: self.disconnect(error)
  File "C:\Users\hp\Desktop\ashish\frontend\backend\venv\lib\site-packages\redis\connection.py", line 627, in _connect
    raise err
  File "C:\Users\hp\Desktop\ashish\frontend\backend\venv\lib\site-packages\redis\connection.py", line 615, in _connect
    sock.connect(socket_address)
ConnectionRefusedError: [WinError 10061] No connection could be made because the target machine actively refused it

During handling of the above exception, another exception occurred:

Traceback (most recent call last):
  File "C:\Users\hp\Desktop\ashish\frontend\backend\venv\lib\site-packages\kombu\connection.py", line 472, in _reraise_as_library_errors
    yield
  File "C:\Users\hp\Desktop\ashish\frontend\backend\venv\lib\site-packages\celery\app\base.py", line 797, in send_task
    self.backend.on_task_call(P, task_id)
  File "C:\Users\hp\Desktop\ashish\frontend\backend\venv\lib\site-packages\celery\backends\redis.py", line 373, in on_task_call
    self.result_consumer.consume_from(task_id)
  File "C:\Users\hp\Desktop\ashish\frontend\backend\venv\lib\site-packages\celery\backends\redis.py", line 169, in consume_from
    return self.start(task_id)
  File "C:\Users\hp\Desktop\ashish\frontend\backend\venv\lib\site-packages\celery\backends\redis.py", line 147, in start
    self._consume_from(initial_task_id)
  File "C:\Users\hp\Desktop\ashish\frontend\backend\venv\lib\site-packages\celery\backends\redis.py", line 176, in _consume_from
    with self.reconnect_on_error():
  File "C:\Users\hp\AppData\Local\Programs\Python\Python310\lib\contextlib.py", line 153, in __exit__
    self.gen.throw(typ, value, traceback)
  File "C:\Users\hp\Desktop\ashish\frontend\backend\venv\lib\site-packages\celery\backends\redis.py", line 130, in reconnect_on_error
    self._ensure(self._reconnect_pubsub, ())
  File "C:\Users\hp\Desktop\ashish\frontend\backend\venv\lib\site-packages\celery\backends\redis.py", line 384, in ensure
    return retry_over_time(
  File "C:\Users\hp\Desktop\ashish\frontend\backend\venv\lib\site-packages\kombu\utils\functional.py", line 318, in retry_over_time
    return fun(*args, **kwargs)
  File "C:\Users\hp\Desktop\ashish\frontend\backend\venv\lib\site-packages\celery\backends\redis.py", line 106, in _reconnect_pubsub
    metas = self.backend.client.mget(self.subscribed_to)
  File "C:\Users\hp\Desktop\ashish\frontend\backend\venv\lib\site-packages\redis\commands\core.py", line 2015, in mget
    return self.execute_command("MGET", *args, **options)
  File "C:\Users\hp\Desktop\ashish\frontend\backend\venv\lib\site-packages\redis\client.py", line 533, in execute_command
    conn = self.connection or pool.get_connection(command_name, **options)
  File "C:\Users\hp\Desktop\ashish\frontend\backend\venv\lib\site-packages\redis\connection.py", line 1086, in get_connection
    connection.connect()
  File "C:\Users\hp\Desktop\ashish\frontend\backend\venv\lib\site-packages\redis\connection.py", line 270, in connect
    raise ConnectionError(self._error_message(e))
redis.exceptions.ConnectionError: Error 10061 connecting to localhost:6379. No connection could be made because the target machine actively refused it.

The above exception was the direct cause of the following exception:

Traceback (most recent call last):
  File "C:\Users\hp\Desktop\ashish\frontend\backend\venv\lib\site-packages\rest_framework\views.py", line 506, in dispatch
    response = handler(request, *args, **kwargs)
  File "C:\Users\hp\Desktop\ashish\frontend\backend\venv\lib\site-packages\rest_framework\decorators.py", line 50, in handler
    return func(*args, **kwargs)
  File "C:\Users\hp\Desktop\ashish\frontend\backend\apps\authentication\views.py", line 43, in register_email
    send_verification_email.delay(user.id, token)
  File "C:\Users\hp\Desktop\ashish\frontend\backend\venv\lib\site-packages\celery\app\task.py", line 444, in delay
    return self.apply_async(args, kwargs)
  File "C:\Users\hp\Desktop\ashish\frontend\backend\venv\lib\site-packages\celery\app\task.py", line 594, in apply_async
    return app.send_task(
  File "C:\Users\hp\Desktop\ashish\frontend\backend\venv\lib\site-packages\celery\app\base.py", line 795, in send_task
    with P.connection._reraise_as_library_errors():
  File "C:\Users\hp\AppData\Local\Programs\Python\Python310\lib\contextlib.py", line 153, in __exit__
    self.gen.throw(typ, value, traceback)
  File "C:\Users\hp\Desktop\ashish\frontend\backend\venv\lib\site-packages\kombu\connection.py", line 476, in _reraise_as_library_errors
    raise ConnectionError(str(exc)) from exc
kombu.exceptions.OperationalError: Error 10061 connecting to localhost:6379. No connection could be made because the target machine actively refused it.
ERROR 2025-08-26 23:29:14,319 log 21220 6112 Internal Server Error: /api/auth/register/email/
ERROR 2025-08-26 23:29:14,323 basehttp 21220 6112 "POST /api/auth/register/email/ HTTP/1.1" 500 129
INFO 2025-08-26 23:33:18,737 autoreload 21220 22276 C:\Users\hp\Desktop\ashish\frontend\backend\removealist_backend\settings.py changed, reloading.
INFO 2025-08-26 23:33:23,021 autoreload 27748 1988 Watching for file changes with StatReloader
INFO 2025-08-26 23:34:11,873 autoreload 27748 1988 C:\Users\hp\Desktop\ashish\frontend\backend\removealist_backend\__init__.py changed, reloading.
INFO 2025-08-26 23:34:14,042 autoreload 19936 7008 Watching for file changes with StatReloader
INFO 2025-08-26 23:34:33,975 autoreload 19936 7008 C:\Users\hp\Desktop\ashish\frontend\backend\apps\authentication\views.py changed, reloading.
INFO 2025-08-26 23:34:35,931 autoreload 15332 17112 Watching for file changes with StatReloader
INFO 2025-08-26 23:34:40,756 autoreload 15332 17112 C:\Users\hp\Desktop\ashish\frontend\backend\apps\authentication\views.py changed, reloading.
INFO 2025-08-26 23:34:41,997 autoreload 21760 12236 Watching for file changes with StatReloader
INFO 2025-08-26 23:35:14,304 autoreload 21760 12236 C:\Users\hp\Desktop\ashish\frontend\backend\apps\authentication\views.py changed, reloading.
INFO 2025-08-26 23:35:16,936 autoreload 19348 21560 Watching for file changes with StatReloader
INFO 2025-08-26 23:35:24,774 autoreload 19348 21560 C:\Users\hp\Desktop\ashish\frontend\backend\apps\authentication\views.py changed, reloading.
INFO 2025-08-26 23:35:28,146 autoreload 22436 31260 Watching for file changes with StatReloader
INFO 2025-08-26 23:35:33,857 autoreload 22436 31260 C:\Users\hp\Desktop\ashish\frontend\backend\apps\authentication\tasks.py changed, reloading.
INFO 2025-08-26 23:35:36,463 autoreload 22548 27160 Watching for file changes with StatReloader
INFO 2025-08-26 23:35:48,599 autoreload 22548 27160 C:\Users\hp\Desktop\ashish\frontend\backend\apps\authentication\tasks.py changed, reloading.
INFO 2025-08-26 23:35:50,271 autoreload 33676 4604 Watching for file changes with StatReloader
INFO 2025-08-26 23:35:58,687 autoreload 33676 4604 C:\Users\hp\Desktop\ashish\frontend\backend\apps\authentication\tasks.py changed, reloading.
INFO 2025-08-26 23:36:03,834 autoreload 26088 24316 Watching for file changes with StatReloader
INFO 2025-08-26 23:36:09,760 autoreload 26088 24316 C:\Users\hp\Desktop\ashish\frontend\backend\apps\authentication\tasks.py changed, reloading.
INFO 2025-08-26 23:36:11,092 autoreload 10624 31228 Watching for file changes with StatReloader
INFO 2025-08-26 23:36:19,921 autoreload 10624 31228 C:\Users\hp\Desktop\ashish\frontend\backend\apps\authentication\tasks.py changed, reloading.
INFO 2025-08-26 23:36:21,692 autoreload 31244 28432 Watching for file changes with StatReloader
INFO 2025-08-26 23:36:45,054 autoreload 31244 28432 C:\Users\hp\Desktop\ashish\frontend\backend\removealist_backend\settings.py changed, reloading.
INFO 2025-08-26 23:36:47,106 autoreload 7596 5316 Watching for file changes with StatReloader
WARNING 2025-08-26 23:36:53,947 log 7596 26216 Bad Request: /api/auth/register/email/
WARNING 2025-08-26 23:36:53,948 basehttp 7596 26216 "POST /api/auth/register/email/ HTTP/1.1" 400 134
INFO 2025-08-26 23:37:04,608 tasks 7596 26216 Verification email sent to muhammadobaidu4llah1122@gmail.com
INFO 2025-08-26 23:37:04,610 basehttp 7596 26216 "POST /api/auth/register/email/ HTTP/1.1" 201 239
INFO 2025-08-26 23:37:41,839 basehttp 7596 26216 "OPTIONS /api/auth/verify-email/ HTTP/1.1" 200 0
INFO 2025-08-26 23:37:41,847 basehttp 7596 25204 "OPTIONS /api/auth/verify-email/ HTTP/1.1" 200 0
INFO 2025-08-26 23:37:41,897 basehttp 7596 26216 "POST /api/auth/verify-email/ HTTP/1.1" 200 94
INFO 2025-08-26 23:37:41,903 basehttp 7596 25204 "POST /api/auth/verify-email/ HTTP/1.1" 200 94
WARNING 2025-08-26 23:37:41,916 log 7596 26216 Bad Request: /api/auth/verify-email/
WARNING 2025-08-26 23:37:41,918 basehttp 7596 26216 "POST /api/auth/verify-email/ HTTP/1.1" 400 141
WARNING 2025-08-26 23:37:42,017 log 7596 26216 Bad Request: /api/auth/verify-email/
WARNING 2025-08-26 23:37:42,018 basehttp 7596 26216 "POST /api/auth/verify-email/ HTTP/1.1" 400 141
INFO 2025-08-26 23:38:36,151 basehttp 7596 26216 "OPTIONS /api/auth/login/ HTTP/1.1" 200 0
WARNING 2025-08-26 23:38:36,751 log 7596 26216 Bad Request: /api/auth/login/
WARNING 2025-08-26 23:38:36,751 basehttp 7596 26216 "POST /api/auth/login/ HTTP/1.1" 400 134
WARNING 2025-08-26 23:38:55,845 log 7596 26216 Bad Request: /api/auth/login/
WARNING 2025-08-26 23:38:55,846 basehttp 7596 26216 "POST /api/auth/login/ HTTP/1.1" 400 134
WARNING 2025-08-26 23:39:00,625 log 7596 26216 Bad Request: /api/auth/login/
WARNING 2025-08-26 23:39:00,626 basehttp 7596 26216 "POST /api/auth/login/ HTTP/1.1" 400 134
WARNING 2025-08-26 23:39:14,785 log 7596 26216 Bad Request: /api/auth/login/
WARNING 2025-08-26 23:39:14,786 basehttp 7596 26216 "POST /api/auth/login/ HTTP/1.1" 400 134
WARNING 2025-08-26 23:40:03,420 log 7596 29392 Not Found: /
WARNING 2025-08-26 23:40:03,421 basehttp 7596 29392 "GET / HTTP/1.1" 404 3234
INFO 2025-08-26 23:40:13,529 basehttp 7596 29392 "GET /admin/ HTTP/1.1" 302 0
INFO 2025-08-26 23:40:13,858 basehttp 7596 29392 "GET /admin/login/?next=/admin/ HTTP/1.1" 200 4178
INFO 2025-08-26 23:40:28,156 basehttp 7596 29392 "POST /admin/login/?next=/admin/ HTTP/1.1" 302 0
INFO 2025-08-26 23:40:28,240 basehttp 7596 29392 "GET /admin/ HTTP/1.1" 200 12047
INFO 2025-08-26 23:40:34,691 basehttp 7596 29392 "GET /admin/authentication/user/ HTTP/1.1" 200 18489
INFO 2025-08-26 23:40:34,742 basehttp 7596 29392 "GET /admin/jsi18n/ HTTP/1.1" 200 3343
INFO 2025-08-26 23:40:44,516 basehttp 7596 29392 "POST /admin/authentication/user/ HTTP/1.1" 200 13276
INFO 2025-08-26 23:40:45,968 basehttp 7596 29392 "POST /admin/authentication/user/ HTTP/1.1" 302 0
INFO 2025-08-26 23:40:46,055 basehttp 7596 29392 "GET /admin/authentication/user/ HTTP/1.1" 200 16726
INFO 2025-08-26 23:40:46,118 basehttp 7596 29392 "GET /admin/jsi18n/ HTTP/1.1" 200 3343
ERROR 2025-08-26 23:41:23,751 exceptions 7596 10644 API Error: JSON parse error - Invalid \escape: line 1 column 9 (char 8) - Status: 400
WARNING 2025-08-26 23:41:23,752 log 7596 10644 Bad Request: /api/auth/login/
WARNING 2025-08-26 23:41:23,753 basehttp 7596 10644 "POST /api/auth/login/ HTTP/1.1" 400 156
INFO 2025-08-26 23:41:23,963 basehttp 7596 10644 - Broken pipe from ('127.0.0.1', 55119)
WARNING 2025-08-26 23:41:43,936 log 7596 33088 Bad Request: /api/auth/login/
WARNING 2025-08-26 23:41:43,938 basehttp 7596 33088 "POST /api/auth/login/ HTTP/1.1" 400 134
INFO 2025-08-26 23:41:44,970 tasks 7596 26216 Verification email sent to muhammadobaidullah1122@gmail.com
INFO 2025-08-26 23:41:44,972 basehttp 7596 26216 "POST /api/auth/register/email/ HTTP/1.1" 201 238
INFO 2025-08-26 23:42:07,280 basehttp 7596 26216 "POST /api/auth/verify-email/ HTTP/1.1" 200 94
INFO 2025-08-26 23:42:07,326 basehttp 7596 25204 "POST /api/auth/verify-email/ HTTP/1.1" 200 94
WARNING 2025-08-26 23:42:07,340 log 7596 26216 Bad Request: /api/auth/verify-email/
WARNING 2025-08-26 23:42:07,343 basehttp 7596 26216 "POST /api/auth/verify-email/ HTTP/1.1" 400 141
WARNING 2025-08-26 23:42:07,398 log 7596 26216 Bad Request: /api/auth/verify-email/
WARNING 2025-08-26 23:42:07,399 basehttp 7596 26216 "POST /api/auth/verify-email/ HTTP/1.1" 400 141
INFO 2025-08-26 23:42:33,649 basehttp 7596 26216 "POST /api/auth/login/ HTTP/1.1" 200 841
INFO 2025-08-26 23:42:53,056 basehttp 7596 7644 "OPTIONS /api/auth/profile/ HTTP/1.1" 200 0
INFO 2025-08-26 23:42:53,063 basehttp 7596 24828 "OPTIONS /api/auth/profile/ HTTP/1.1" 200 0
INFO 2025-08-26 23:42:53,067 basehttp 7596 7644 "GET /api/auth/profile/ HTTP/1.1" 200 326
INFO 2025-08-26 23:42:53,078 basehttp 7596 7644 "GET /api/auth/profile/ HTTP/1.1" 200 326
INFO 2025-08-26 23:43:02,343 basehttp 7596 7644 "GET /api/auth/profile/ HTTP/1.1" 200 326
INFO 2025-08-26 23:43:02,357 basehttp 7596 7644 "GET /api/auth/profile/ HTTP/1.1" 200 326
INFO 2025-08-26 23:43:24,752 basehttp 7596 7644 "GET /api/auth/profile/ HTTP/1.1" 200 326
INFO 2025-08-26 23:43:24,815 basehttp 7596 7644 "GET /api/auth/profile/ HTTP/1.1" 200 326
ERROR 2025-08-27 00:13:03,639 exceptions 7596 21164 API Error: {'detail': ErrorDetail(string='Given token not valid for any token type', code='token_not_valid'), 'code': ErrorDetail(string='token_not_valid', code='token_not_valid'), 'messages': [{'token_class': ErrorDetail(string='AccessToken', code='token_not_valid'), 'token_type': ErrorDetail(string='access', code='token_not_valid'), 'message': ErrorDetail(string='Token is invalid or expired', code='token_not_valid')}]} - Status: 401
WARNING 2025-08-27 00:13:03,658 log 7596 21164 Unauthorized: /api/auth/profile/
WARNING 2025-08-27 00:13:03,661 basehttp 7596 21164 "GET /api/auth/profile/ HTTP/1.1" 401 271
ERROR 2025-08-27 00:13:03,676 exceptions 7596 21164 API Error: {'detail': ErrorDetail(string='Given token not valid for any token type', code='token_not_valid'), 'code': ErrorDetail(string='token_not_valid', code='token_not_valid'), 'messages': [{'token_class': ErrorDetail(string='AccessToken', code='token_not_valid'), 'token_type': ErrorDetail(string='access', code='token_not_valid'), 'message': ErrorDetail(string='Token is invalid or expired', code='token_not_valid')}]} - Status: 401
WARNING 2025-08-27 00:13:03,692 log 7596 21164 Unauthorized: /api/auth/profile/
WARNING 2025-08-27 00:13:03,695 basehttp 7596 21164 "GET /api/auth/profile/ HTTP/1.1" 401 271
INFO 2025-08-27 00:13:04,099 basehttp 7596 21164 "OPTIONS /api/auth/refresh/ HTTP/1.1" 200 0
INFO 2025-08-27 00:13:04,117 basehttp 7596 12708 "POST /api/auth/refresh/ HTTP/1.1" 200 672
INFO 2025-08-27 00:13:04,118 basehttp 7596 21164 "POST /api/auth/refresh/ HTTP/1.1" 200 672
INFO 2025-08-27 00:13:04,338 basehttp 7596 21164 "GET /api/auth/profile/ HTTP/1.1" 200 326
INFO 2025-08-27 00:13:04,365 basehttp 7596 21164 "GET /api/auth/profile/ HTTP/1.1" 200 326
INFO 2025-08-27 00:13:36,470 basehttp 7596 21164 "OPTIONS /api/move/user-moves/ HTTP/1.1" 200 0
INFO 2025-08-27 00:13:36,472 basehttp 7596 12708 "OPTIONS /api/move/user-moves/ HTTP/1.1" 200 0
INFO 2025-08-27 00:13:36,512 basehttp 7596 12708 "GET /api/move/user-moves/ HTTP/1.1" 200 80
INFO 2025-08-27 00:13:36,553 basehttp 7596 12708 "GET /api/move/user-moves/ HTTP/1.1" 200 80
INFO 2025-08-27 00:13:39,631 basehttp 7596 12708 "GET /api/move/user-moves/ HTTP/1.1" 200 80
INFO 2025-08-27 00:13:39,650 basehttp 7596 12708 "GET /api/move/user-moves/ HTTP/1.1" 200 80
ERROR 2025-08-27 00:30:19,985 exceptions 7596 14488 API Error: {'detail': ErrorDetail(string='Given token not valid for any token type', code='token_not_valid'), 'code': ErrorDetail(string='token_not_valid', code='token_not_valid'), 'messages': [{'token_class': ErrorDetail(string='AccessToken', code='token_not_valid'), 'token_type': ErrorDetail(string='access', code='token_not_valid'), 'message': ErrorDetail(string='Token is invalid or expired', code='token_not_valid')}]} - Status: 401
WARNING 2025-08-27 00:30:19,988 log 7596 14488 Unauthorized: /api/auth/profile/
WARNING 2025-08-27 00:30:19,990 basehttp 7596 14488 "GET /api/auth/profile/ HTTP/1.1" 401 271
ERROR 2025-08-27 00:30:19,999 exceptions 7596 14488 API Error: {'detail': ErrorDetail(string='Given token not valid for any token type', code='token_not_valid'), 'code': ErrorDetail(string='token_not_valid', code='token_not_valid'), 'messages': [{'token_class': ErrorDetail(string='AccessToken', code='token_not_valid'), 'token_type': ErrorDetail(string='access', code='token_not_valid'), 'message': ErrorDetail(string='Token is invalid or expired', code='token_not_valid')}]} - Status: 401
WARNING 2025-08-27 00:30:20,000 log 7596 14488 Unauthorized: /api/auth/profile/
WARNING 2025-08-27 00:30:20,004 basehttp 7596 14488 "GET /api/auth/profile/ HTTP/1.1" 401 271
INFO 2025-08-27 00:30:20,101 basehttp 7596 14488 "POST /api/auth/refresh/ HTTP/1.1" 200 672
INFO 2025-08-27 00:30:20,252 basehttp 7596 14488 "POST /api/auth/refresh/ HTTP/1.1" 200 672
INFO 2025-08-27 00:30:20,285 basehttp 7596 14488 "GET /api/auth/profile/ HTTP/1.1" 200 326
INFO 2025-08-27 00:30:20,315 basehttp 7596 14488 "GET /api/auth/profile/ HTTP/1.1" 200 326
INFO 2025-08-27 01:02:11,954 basehttp 7596 18812 "OPTIONS /api/move/create/ HTTP/1.1" 200 0
ERROR 2025-08-27 01:02:11,966 exceptions 7596 18812 API Error: {'detail': ErrorDetail(string='Given token not valid for any token type', code='token_not_valid'), 'code': ErrorDetail(string='token_not_valid', code='token_not_valid'), 'messages': [{'token_class': ErrorDetail(string='AccessToken', code='token_not_valid'), 'token_type': ErrorDetail(string='access', code='token_not_valid'), 'message': ErrorDetail(string='Token is invalid or expired', code='token_not_valid')}]} - Status: 401
WARNING 2025-08-27 01:02:11,967 log 7596 18812 Unauthorized: /api/move/create/
WARNING 2025-08-27 01:02:11,968 basehttp 7596 18812 "POST /api/move/create/ HTTP/1.1" 401 271
INFO 2025-08-27 01:02:11,974 basehttp 7596 18812 "POST /api/auth/refresh/ HTTP/1.1" 200 672
WARNING 2025-08-27 01:02:11,993 log 7596 18812 Bad Request: /api/move/create/
WARNING 2025-08-27 01:02:11,994 basehttp 7596 18812 "POST /api/move/create/ HTTP/1.1" 400 130
WARNING 2025-08-27 01:02:20,573 log 7596 18812 Bad Request: /api/move/create/
WARNING 2025-08-27 01:02:20,574 basehttp 7596 18812 "POST /api/move/create/ HTTP/1.1" 400 130
INFO 2025-08-27 01:09:00,144 basehttp 7596 32136 "POST /api/move/create/ HTTP/1.1" 201 646
INFO 2025-08-27 01:09:02,921 basehttp 7596 32136 "GET /api/auth/profile/ HTTP/1.1" 200 326
INFO 2025-08-27 01:09:02,929 basehttp 7596 32136 "GET /api/auth/profile/ HTTP/1.1" 200 326
INFO 2025-08-27 01:09:03,058 basehttp 7596 32136 "GET /api/move/user-moves/ HTTP/1.1" 200 354
INFO 2025-08-27 01:09:03,077 basehttp 7596 29508 "OPTIONS /api/timeline/events/?move_id=6bb7f4d3-f912-4e55-866d-d0ae3e0980d5 HTTP/1.1" 200 0
INFO 2025-08-27 01:09:03,107 basehttp 7596 29508 "GET /api/timeline/events/?move_id=6bb7f4d3-f912-4e55-866d-d0ae3e0980d5 HTTP/1.1" 200 77
INFO 2025-08-27 01:09:03,107 basehttp 7596 32136 "GET /api/move/user-moves/ HTTP/1.1" 200 354
INFO 2025-08-27 01:09:03,224 basehttp 7596 32136 "GET /api/timeline/events/?move_id=6bb7f4d3-f912-4e55-866d-d0ae3e0980d5 HTTP/1.1" 200 77
INFO 2025-08-27 01:09:32,936 basehttp 7596 32136 "GET /api/move/user-moves/ HTTP/1.1" 200 354
INFO 2025-08-27 01:09:32,941 basehttp 7596 29508 "OPTIONS /api/inventory/rooms/?move_id=6bb7f4d3-f912-4e55-866d-d0ae3e0980d5 HTTP/1.1" 200 0
INFO 2025-08-27 01:09:32,961 basehttp 7596 29508 "GET /api/inventory/rooms/?move_id=6bb7f4d3-f912-4e55-866d-d0ae3e0980d5 HTTP/1.1" 200 80
INFO 2025-08-27 01:09:32,963 basehttp 7596 32136 "GET /api/move/user-moves/ HTTP/1.1" 200 354
INFO 2025-08-27 01:09:33,033 basehttp 7596 32136 "GET /api/inventory/rooms/?move_id=6bb7f4d3-f912-4e55-866d-d0ae3e0980d5 HTTP/1.1" 200 80
INFO 2025-08-27 01:09:34,968 basehttp 7596 32136 "OPTIONS /api/move/get/6bb7f4d3-f912-4e55-866d-d0ae3e0980d5/ HTTP/1.1" 200 0
INFO 2025-08-27 01:09:34,973 basehttp 7596 29508 "OPTIONS /api/move/get/6bb7f4d3-f912-4e55-866d-d0ae3e0980d5/ HTTP/1.1" 200 0
INFO 2025-08-27 01:09:34,987 basehttp 7596 32136 "GET /api/move/get/6bb7f4d3-f912-4e55-866d-d0ae3e0980d5/ HTTP/1.1" 200 643
INFO 2025-08-27 01:09:35,008 basehttp 7596 29508 "OPTIONS /api/booking/slots/?date=2025-09-05 HTTP/1.1" 200 0
INFO 2025-08-27 01:09:35,008 basehttp 7596 32136 "GET /api/move/get/6bb7f4d3-f912-4e55-866d-d0ae3e0980d5/ HTTP/1.1" 200 643
INFO 2025-08-27 01:09:35,037 basehttp 7596 29508 "GET /api/booking/slots/?date=2025-09-05 HTTP/1.1" 200 107
INFO 2025-08-27 01:09:35,047 basehttp 7596 29508 "GET /api/booking/slots/?date=2025-09-05 HTTP/1.1" 200 107
INFO 2025-08-27 01:09:51,472 basehttp 7596 29508 "GET /api/move/get/6bb7f4d3-f912-4e55-866d-d0ae3e0980d5/ HTTP/1.1" 200 643
INFO 2025-08-27 01:09:51,489 basehttp 7596 29508 "GET /api/move/get/6bb7f4d3-f912-4e55-866d-d0ae3e0980d5/ HTTP/1.1" 200 643
INFO 2025-08-27 01:09:51,505 basehttp 7596 29508 "GET /api/booking/slots/?date=2025-09-05 HTTP/1.1" 200 107
INFO 2025-08-27 01:09:51,512 basehttp 7596 29508 "GET /api/booking/slots/?date=2025-09-05 HTTP/1.1" 200 107
INFO 2025-08-27 01:12:04,838 basehttp 7596 29508 "GET /api/move/get/6bb7f4d3-f912-4e55-866d-d0ae3e0980d5/ HTTP/1.1" 200 643
INFO 2025-08-27 01:12:04,862 basehttp 7596 29508 "GET /api/move/get/6bb7f4d3-f912-4e55-866d-d0ae3e0980d5/ HTTP/1.1" 200 643
INFO 2025-08-27 01:12:04,892 basehttp 7596 29508 "GET /api/booking/slots/?date=2025-09-05 HTTP/1.1" 200 107
INFO 2025-08-27 01:12:04,903 basehttp 7596 29508 "GET /api/booking/slots/?date=2025-09-05 HTTP/1.1" 200 107
INFO 2025-08-27 01:13:11,098 basehttp 7596 23464 "GET /api/move/user-moves/ HTTP/1.1" 200 354
INFO 2025-08-27 01:13:11,187 basehttp 7596 23464 "GET /api/move/user-moves/ HTTP/1.1" 200 354
INFO 2025-08-27 01:13:11,219 basehttp 7596 23464 "GET /api/inventory/rooms/?move_id=6bb7f4d3-f912-4e55-866d-d0ae3e0980d5 HTTP/1.1" 200 80
INFO 2025-08-27 01:13:11,254 basehttp 7596 23464 "GET /api/inventory/rooms/?move_id=6bb7f4d3-f912-4e55-866d-d0ae3e0980d5 HTTP/1.1" 200 80
INFO 2025-08-27 01:13:12,450 basehttp 7596 23464 "GET /api/move/user-moves/ HTTP/1.1" 200 354
INFO 2025-08-27 01:13:12,527 basehttp 7596 12692 "GET /api/timeline/events/?move_id=6bb7f4d3-f912-4e55-866d-d0ae3e0980d5 HTTP/1.1" 200 77
INFO 2025-08-27 01:13:12,528 basehttp 7596 23464 "GET /api/move/user-moves/ HTTP/1.1" 200 354
INFO 2025-08-27 01:13:12,569 basehttp 7596 12692 "GET /api/timeline/events/?move_id=6bb7f4d3-f912-4e55-866d-d0ae3e0980d5 HTTP/1.1" 200 77
INFO 2025-08-27 01:13:29,415 basehttp 7596 30028 "GET /api/auth/profile/ HTTP/1.1" 200 326
INFO 2025-08-27 01:13:29,434 basehttp 7596 30028 "GET /api/auth/profile/ HTTP/1.1" 200 326
INFO 2025-08-27 01:13:29,644 basehttp 7596 30028 "GET /api/move/user-moves/ HTTP/1.1" 200 354
INFO 2025-08-27 01:13:29,712 basehttp 7596 7504 "GET /api/timeline/events/?move_id=6bb7f4d3-f912-4e55-866d-d0ae3e0980d5 HTTP/1.1" 200 77
INFO 2025-08-27 01:13:29,712 basehttp 7596 30028 "GET /api/move/user-moves/ HTTP/1.1" 200 354
INFO 2025-08-27 01:13:29,739 basehttp 7596 7504 "GET /api/timeline/events/?move_id=6bb7f4d3-f912-4e55-866d-d0ae3e0980d5 HTTP/1.1" 200 77
INFO 2025-08-27 01:13:39,305 basehttp 7596 7504 "GET /api/move/get/6bb7f4d3-f912-4e55-866d-d0ae3e0980d5/ HTTP/1.1" 200 643
INFO 2025-08-27 01:13:39,321 basehttp 7596 7504 "GET /api/move/get/6bb7f4d3-f912-4e55-866d-d0ae3e0980d5/ HTTP/1.1" 200 643
INFO 2025-08-27 01:13:39,332 basehttp 7596 7504 "GET /api/booking/slots/?date=2025-09-05 HTTP/1.1" 200 107
INFO 2025-08-27 01:13:39,342 basehttp 7596 7504 "GET /api/booking/slots/?date=2025-09-05 HTTP/1.1" 200 107
ERROR 2025-08-27 01:17:17,933 exceptions 7596 7504 API Error: {'detail': ErrorDetail(string='Given token not valid for any token type', code='token_not_valid'), 'code': ErrorDetail(string='token_not_valid', code='token_not_valid'), 'messages': [{'token_class': ErrorDetail(string='AccessToken', code='token_not_valid'), 'token_type': ErrorDetail(string='access', code='token_not_valid'), 'message': ErrorDetail(string='Token is invalid or expired', code='token_not_valid')}]} - Status: 401
WARNING 2025-08-27 01:17:17,934 log 7596 7504 Unauthorized: /api/auth/profile/
WARNING 2025-08-27 01:17:17,936 basehttp 7596 7504 "GET /api/auth/profile/ HTTP/1.1" 401 271
ERROR 2025-08-27 01:17:17,938 exceptions 7596 7504 API Error: {'detail': ErrorDetail(string='Given token not valid for any token type', code='token_not_valid'), 'code': ErrorDetail(string='token_not_valid', code='token_not_valid'), 'messages': [{'token_class': ErrorDetail(string='AccessToken', code='token_not_valid'), 'token_type': ErrorDetail(string='access', code='token_not_valid'), 'message': ErrorDetail(string='Token is invalid or expired', code='token_not_valid')}]} - Status: 401
WARNING 2025-08-27 01:17:17,939 log 7596 7504 Unauthorized: /api/auth/profile/
WARNING 2025-08-27 01:17:17,940 basehttp 7596 7504 "GET /api/auth/profile/ HTTP/1.1" 401 271
INFO 2025-08-27 01:17:17,973 basehttp 7596 7504 "POST /api/auth/refresh/ HTTP/1.1" 200 672
INFO 2025-08-27 01:17:17,974 basehttp 7596 30028 "POST /api/auth/refresh/ HTTP/1.1" 200 672
INFO 2025-08-27 01:17:17,985 basehttp 7596 30028 "GET /api/auth/profile/ HTTP/1.1" 200 326
INFO 2025-08-27 01:17:17,991 basehttp 7596 30028 "GET /api/auth/profile/ HTTP/1.1" 200 326
ERROR 2025-08-27 01:17:28,836 exceptions 7596 30028 API Error: Method "PUT" not allowed. - Status: 405
WARNING 2025-08-27 01:17:28,838 log 7596 30028 Method Not Allowed: /api/auth/profile/
WARNING 2025-08-27 01:17:28,839 basehttp 7596 30028 "PUT /api/auth/profile/ HTTP/1.1" 405 122
INFO 2025-08-27 01:21:53,723 basehttp 7596 30028 "OPTIONS /api/auth/profile/avatar/ HTTP/1.1" 200 0
INFO 2025-08-27 01:21:53,749 basehttp 7596 30028 "POST /api/auth/profile/avatar/ HTTP/1.1" 200 92
INFO 2025-08-27 01:22:02,537 basehttp 7596 30028 "GET /api/auth/profile/ HTTP/1.1" 200 326
INFO 2025-08-27 01:22:02,547 basehttp 7596 30028 "GET /api/auth/profile/ HTTP/1.1" 200 326
INFO 2025-08-27 01:22:02,670 basehttp 7596 30028 "GET /api/move/get/6bb7f4d3-f912-4e55-866d-d0ae3e0980d5/ HTTP/1.1" 200 643
INFO 2025-08-27 01:22:02,689 basehttp 7596 30028 "GET /api/move/get/6bb7f4d3-f912-4e55-866d-d0ae3e0980d5/ HTTP/1.1" 200 643
INFO 2025-08-27 01:22:02,750 basehttp 7596 30028 "GET /api/booking/slots/?date=2025-09-05 HTTP/1.1" 200 107
INFO 2025-08-27 01:22:02,765 basehttp 7596 30028 "GET /api/booking/slots/?date=2025-09-05 HTTP/1.1" 200 107
INFO 2025-08-27 01:22:09,068 basehttp 7596 30028 "OPTIONS /api/auth/logout/ HTTP/1.1" 200 0
WARNING 2025-08-27 01:22:09,074 log 7596 30028 Bad Request: /api/auth/logout/
WARNING 2025-08-27 01:22:09,075 basehttp 7596 30028 "POST /api/auth/logout/ HTTP/1.1" 400 143
INFO 2025-08-27 01:22:38,283 basehttp 7596 30028 "POST /api/auth/login/ HTTP/1.1" 200 841
INFO 2025-08-27 01:22:46,878 basehttp 7596 30028 "GET /api/move/user-moves/ HTTP/1.1" 200 354
INFO 2025-08-27 01:22:46,889 basehttp 7596 30028 "GET /api/move/user-moves/ HTTP/1.1" 200 354
INFO 2025-08-27 01:22:46,895 basehttp 7596 30028 "GET /api/inventory/rooms/?move_id=6bb7f4d3-f912-4e55-866d-d0ae3e0980d5 HTTP/1.1" 200 80
INFO 2025-08-27 01:22:46,904 basehttp 7596 30028 "GET /api/inventory/rooms/?move_id=6bb7f4d3-f912-4e55-866d-d0ae3e0980d5 HTTP/1.1" 200 80
INFO 2025-08-27 01:23:03,334 basehttp 7596 30028 "GET /api/move/get/6bb7f4d3-f912-4e55-866d-d0ae3e0980d5/ HTTP/1.1" 200 643
INFO 2025-08-27 01:23:03,348 basehttp 7596 30028 "GET /api/move/get/6bb7f4d3-f912-4e55-866d-d0ae3e0980d5/ HTTP/1.1" 200 643
INFO 2025-08-27 01:23:03,357 basehttp 7596 30028 "GET /api/booking/slots/?date=2025-09-05 HTTP/1.1" 200 107
INFO 2025-08-27 01:23:03,374 basehttp 7596 30028 "GET /api/booking/slots/?date=2025-09-05 HTTP/1.1" 200 107
INFO 2025-08-27 01:23:33,327 basehttp 7596 30028 "OPTIONS /api/booking/book/ HTTP/1.1" 200 0
WARNING 2025-08-27 01:23:33,335 log 7596 30028 Bad Request: /api/booking/book/
WARNING 2025-08-27 01:23:33,336 basehttp 7596 30028 "POST /api/booking/book/ HTTP/1.1" 400 138
WARNING 2025-08-27 01:23:49,399 log 7596 30028 Bad Request: /api/booking/book/
WARNING 2025-08-27 01:23:49,399 basehttp 7596 30028 "POST /api/booking/book/ HTTP/1.1" 400 138
INFO 2025-08-27 01:25:59,807 basehttp 7596 23616 "GET /admin/authentication/user/ HTTP/1.1" 200 17224
INFO 2025-08-27 01:25:59,857 basehttp 7596 23616 "GET /admin/jsi18n/ HTTP/1.1" 200 3343
INFO 2025-08-27 01:25:59,948 basehttp 7596 18560 "GET /admin/jsi18n/ HTTP/1.1" 200 3343
INFO 2025-08-27 01:26:06,073 basehttp 7596 23616 "GET /admin/moves/move/ HTTP/1.1" 200 18608
INFO 2025-08-27 01:26:06,121 basehttp 7596 23616 "GET /admin/jsi18n/ HTTP/1.1" 200 3343
INFO 2025-08-27 01:26:08,052 basehttp 7596 23616 "GET /admin/moves/move/6bb7f4d3-f912-4e55-866d-d0ae3e0980d5/change/ HTTP/1.1" 200 24968
INFO 2025-08-27 01:26:08,098 basehttp 7596 32380 "GET /admin/jsi18n/ HTTP/1.1" 200 3343
INFO 2025-08-27 01:26:08,503 basehttp 7596 26056 "GET /static/admin/js/calendar.js HTTP/1.1" 200 8466
INFO 2025-08-27 01:26:08,504 basehttp 7596 23616 "GET /static/admin/css/forms.css HTTP/1.1" 200 9047
INFO 2025-08-27 01:26:08,507 basehttp 7596 23616 "GET /static/admin/css/widgets.css HTTP/1.1" 200 11900
INFO 2025-08-27 01:26:08,522 basehttp 7596 27128 "GET /static/admin/img/icon-viewlink.svg HTTP/1.1" 200 581
INFO 2025-08-27 01:26:08,532 basehttp 7596 27976 "GET /static/admin/js/admin/DateTimeShortcuts.js HTTP/1.1" 200 19319
INFO 2025-08-27 01:26:08,544 basehttp 7596 13712 "GET /static/admin/js/collapse.js HTTP/1.1" 200 1803
INFO 2025-08-27 01:26:08,545 basehttp 7596 32380 "GET /static/admin/js/prepopulate_init.js HTTP/1.1" 200 586
INFO 2025-08-27 01:26:08,549 basehttp 7596 13712 "GET /static/admin/js/change_form.js HTTP/1.1" 200 606
INFO 2025-08-27 01:26:08,596 basehttp 7596 13712 "GET /static/admin/img/icon-calendar.svg HTTP/1.1" 200 1086
INFO 2025-08-27 01:34:20,176 autoreload 7596 5316 C:\Users\hp\Desktop\ashish\frontend\backend\apps\moves\models.py changed, reloading.
INFO 2025-08-27 01:34:21,664 autoreload 14464 24400 Watching for file changes with StatReloader
INFO 2025-08-27 01:34:41,752 autoreload 14464 24400 C:\Users\hp\Desktop\ashish\frontend\backend\apps\moves\models.py changed, reloading.
INFO 2025-08-27 01:34:43,650 autoreload 7536 24664 Watching for file changes with StatReloader
INFO 2025-08-27 01:34:45,790 autoreload 7536 24664 C:\Users\hp\Desktop\ashish\frontend\backend\apps\moves\models.py changed, reloading.
INFO 2025-08-27 01:34:47,631 autoreload 14804 3248 Watching for file changes with StatReloader
INFO 2025-08-27 01:34:52,744 autoreload 14804 3248 C:\Users\hp\Desktop\ashish\frontend\backend\apps\moves\serializers.py changed, reloading.
INFO 2025-08-27 01:34:54,274 autoreload 14784 5388 Watching for file changes with StatReloader
INFO 2025-08-27 01:34:59,796 autoreload 14784 5388 C:\Users\hp\Desktop\ashish\frontend\backend\apps\moves\models.py changed, reloading.
INFO 2025-08-27 01:35:01,205 autoreload 31960 25952 Watching for file changes with StatReloader
INFO 2025-08-27 01:37:05,585 autoreload 2108 1080 Watching for file changes with StatReloader
ERROR 2025-08-27 01:38:01,188 exceptions 2108 29380 API Error: {'detail': ErrorDetail(string='Given token not valid for any token type', code='token_not_valid'), 'code': ErrorDetail(string='token_not_valid', code='token_not_valid'), 'messages': [{'token_class': ErrorDetail(string='AccessToken', code='token_not_valid'), 'token_type': ErrorDetail(string='access', code='token_not_valid'), 'message': ErrorDetail(string='Token is invalid or expired', code='token_not_valid')}]} - Status: 401
WARNING 2025-08-27 01:38:01,189 log 2108 29380 Unauthorized: /api/move/get/6bb7f4d3-f912-4e55-866d-d0ae3e0980d5/
WARNING 2025-08-27 01:38:01,190 basehttp 2108 29380 "GET /api/move/get/6bb7f4d3-f912-4e55-866d-d0ae3e0980d5/ HTTP/1.1" 401 271
INFO 2025-08-27 01:38:01,200 basehttp 2108 29380 "POST /api/auth/refresh/ HTTP/1.1" 200 672
INFO 2025-08-27 01:38:01,246 basehttp 2108 29380 "GET /api/move/get/6bb7f4d3-f912-4e55-866d-d0ae3e0980d5/ HTTP/1.1" 200 703
INFO 2025-08-27 01:38:01,266 basehttp 2108 29380 "GET /api/booking/slots/?date=2025-09-05 HTTP/1.1" 200 107
INFO 2025-08-27 01:38:32,352 basehttp 2108 29380 "GET /api/auth/profile/ HTTP/1.1" 200 326
INFO 2025-08-27 01:38:32,364 basehttp 2108 29380 "GET /api/auth/profile/ HTTP/1.1" 200 326
INFO 2025-08-27 01:38:32,528 basehttp 2108 29380 "GET /api/move/get/6bb7f4d3-f912-4e55-866d-d0ae3e0980d5/ HTTP/1.1" 200 703
INFO 2025-08-27 01:38:32,552 basehttp 2108 29380 "GET /api/move/get/6bb7f4d3-f912-4e55-866d-d0ae3e0980d5/ HTTP/1.1" 200 703
INFO 2025-08-27 01:38:32,633 basehttp 2108 29380 "GET /api/booking/slots/?date=2025-09-05 HTTP/1.1" 200 107
INFO 2025-08-27 01:38:32,644 basehttp 2108 29380 "GET /api/booking/slots/?date=2025-09-05 HTTP/1.1" 200 107
INFO 2025-08-27 01:38:37,064 basehttp 2108 29380 "GET /api/move/user-moves/ HTTP/1.1" 200 354
INFO 2025-08-27 01:38:37,079 basehttp 2108 6228 "GET /api/timeline/events/?move_id=6bb7f4d3-f912-4e55-866d-d0ae3e0980d5 HTTP/1.1" 200 77
INFO 2025-08-27 01:38:37,087 basehttp 2108 29380 "GET /api/move/user-moves/ HTTP/1.1" 200 354
INFO 2025-08-27 01:38:37,160 basehttp 2108 29380 "GET /api/timeline/events/?move_id=6bb7f4d3-f912-4e55-866d-d0ae3e0980d5 HTTP/1.1" 200 77
INFO 2025-08-27 01:38:44,590 basehttp 2108 33244 "GET /admin/moves/move/6bb7f4d3-f912-4e55-866d-d0ae3e0980d5/change/ HTTP/1.1" 200 27046
INFO 2025-08-27 01:38:44,617 basehttp 2108 33244 "GET /admin/jsi18n/ HTTP/1.1" 200 3343
INFO 2025-08-27 01:39:01,276 basehttp 2108 33244 "GET /admin/moves/move/6bb7f4d3-f912-4e55-866d-d0ae3e0980d5/delete/ HTTP/1.1" 200 12183
INFO 2025-08-27 01:39:02,851 basehttp 2108 33244 "POST /admin/moves/move/6bb7f4d3-f912-4e55-866d-d0ae3e0980d5/delete/ HTTP/1.1" 302 0
INFO 2025-08-27 01:39:02,959 basehttp 2108 33244 "GET /admin/moves/move/ HTTP/1.1" 200 17459
INFO 2025-08-27 01:39:03,016 basehttp 2108 33244 "GET /admin/jsi18n/ HTTP/1.1" 200 3343
INFO 2025-08-27 01:39:10,880 basehttp 2108 29380 "GET /api/move/user-moves/ HTTP/1.1" 200 80
INFO 2025-08-27 01:39:10,885 basehttp 2108 29380 "GET /api/move/user-moves/ HTTP/1.1" 200 80
INFO 2025-08-27 01:40:24,961 basehttp 2108 24384 "POST /api/move/create/ HTTP/1.1" 201 717
INFO 2025-08-27 01:40:27,614 basehttp 2108 24384 "GET /api/auth/profile/ HTTP/1.1" 200 326
INFO 2025-08-27 01:40:27,622 basehttp 2108 24384 "GET /api/auth/profile/ HTTP/1.1" 200 326
INFO 2025-08-27 01:40:27,699 basehttp 2108 24384 "GET /api/move/user-moves/ HTTP/1.1" 200 354
INFO 2025-08-27 01:40:27,729 basehttp 2108 24384 "GET /api/move/user-moves/ HTTP/1.1" 200 354
INFO 2025-08-27 01:40:27,776 basehttp 2108 24384 "OPTIONS /api/timeline/events/?move_id=315acdbc-6954-4226-80b4-42ac7f4621b4 HTTP/1.1" 200 0
INFO 2025-08-27 01:40:27,792 basehttp 2108 24384 "GET /api/timeline/events/?move_id=315acdbc-6954-4226-80b4-42ac7f4621b4 HTTP/1.1" 200 77
INFO 2025-08-27 01:40:27,812 basehttp 2108 24384 "GET /api/timeline/events/?move_id=315acdbc-6954-4226-80b4-42ac7f4621b4 HTTP/1.1" 200 77
INFO 2025-08-27 01:40:43,556 basehttp 2108 27376 "GET /admin/moves/move/ HTTP/1.1" 200 20412
INFO 2025-08-27 01:40:43,584 basehttp 2108 27376 "GET /admin/jsi18n/ HTTP/1.1" 200 3343
INFO 2025-08-27 01:40:45,194 basehttp 2108 27376 "GET /admin/moves/move/315acdbc-6954-4226-80b4-42ac7f4621b4/change/ HTTP/1.1" 200 27055
INFO 2025-08-27 01:40:45,222 basehttp 2108 27376 "GET /static/admin/css/forms.css HTTP/1.1" 304 0
INFO 2025-08-27 01:40:45,243 basehttp 2108 10504 "GET /static/admin/js/collapse.js HTTP/1.1" 304 0
INFO 2025-08-27 01:40:45,245 basehttp 2108 18496 "GET /static/admin/js/calendar.js HTTP/1.1" 304 0
INFO 2025-08-27 01:40:45,251 basehttp 2108 32088 "GET /static/admin/img/icon-viewlink.svg HTTP/1.1" 304 0
INFO 2025-08-27 01:40:45,253 basehttp 2108 12768 "GET /static/admin/js/admin/DateTimeShortcuts.js HTTP/1.1" 304 0
INFO 2025-08-27 01:40:45,254 basehttp 2108 10504 "GET /static/admin/js/prepopulate_init.js HTTP/1.1" 304 0
INFO 2025-08-27 01:40:45,256 basehttp 2108 26964 "GET /static/admin/css/widgets.css HTTP/1.1" 304 0
INFO 2025-08-27 01:40:45,259 basehttp 2108 27376 "GET /admin/jsi18n/ HTTP/1.1" 200 3343
INFO 2025-08-27 01:40:45,261 basehttp 2108 26964 "GET /static/admin/js/change_form.js HTTP/1.1" 304 0
INFO 2025-08-27 01:40:45,323 basehttp 2108 26964 "GET /static/admin/img/icon-calendar.svg HTTP/1.1" 304 0
INFO 2025-08-27 01:42:10,910 basehttp 2108 22468 "POST /api/move/create/ HTTP/1.1" 201 717
INFO 2025-08-27 01:42:13,674 basehttp 2108 22468 "GET /api/auth/profile/ HTTP/1.1" 200 326
INFO 2025-08-27 01:42:13,686 basehttp 2108 22468 "GET /api/auth/profile/ HTTP/1.1" 200 326
INFO 2025-08-27 01:42:13,859 basehttp 2108 22468 "GET /api/move/user-moves/ HTTP/1.1" 200 629
INFO 2025-08-27 01:42:13,873 basehttp 2108 28968 "OPTIONS /api/timeline/events/?move_id=117748f3-2675-4ff0-8924-d4ffd83479cd HTTP/1.1" 200 0
INFO 2025-08-27 01:42:13,915 basehttp 2108 22468 "GET /api/move/user-moves/ HTTP/1.1" 200 629
INFO 2025-08-27 01:42:13,915 basehttp 2108 28968 "GET /api/timeline/events/?move_id=117748f3-2675-4ff0-8924-d4ffd83479cd HTTP/1.1" 200 77
INFO 2025-08-27 01:42:13,930 basehttp 2108 28968 "GET /api/timeline/events/?move_id=117748f3-2675-4ff0-8924-d4ffd83479cd HTTP/1.1" 200 77
INFO 2025-08-27 01:42:19,406 basehttp 2108 28968 "GET /api/move/user-moves/ HTTP/1.1" 200 629
INFO 2025-08-27 01:42:19,410 basehttp 2108 22468 "OPTIONS /api/inventory/rooms/?move_id=117748f3-2675-4ff0-8924-d4ffd83479cd HTTP/1.1" 200 0
INFO 2025-08-27 01:42:19,423 basehttp 2108 22468 "GET /api/inventory/rooms/?move_id=117748f3-2675-4ff0-8924-d4ffd83479cd HTTP/1.1" 200 80
INFO 2025-08-27 01:42:19,449 basehttp 2108 28968 "GET /api/move/user-moves/ HTTP/1.1" 200 629
INFO 2025-08-27 01:42:19,506 basehttp 2108 28968 "GET /api/inventory/rooms/?move_id=117748f3-2675-4ff0-8924-d4ffd83479cd HTTP/1.1" 200 80
INFO 2025-08-27 01:42:23,775 basehttp 2108 28968 "OPTIONS /api/move/get/117748f3-2675-4ff0-8924-d4ffd83479cd/ HTTP/1.1" 200 0
INFO 2025-08-27 01:42:23,776 basehttp 2108 22468 "OPTIONS /api/move/get/117748f3-2675-4ff0-8924-d4ffd83479cd/ HTTP/1.1" 200 0
INFO 2025-08-27 01:42:23,787 basehttp 2108 22468 "GET /api/move/get/117748f3-2675-4ff0-8924-d4ffd83479cd/ HTTP/1.1" 200 714
INFO 2025-08-27 01:42:23,802 basehttp 2108 28968 "OPTIONS /api/booking/slots/?date=2025-08-29 HTTP/1.1" 200 0
INFO 2025-08-27 01:42:23,802 basehttp 2108 22468 "GET /api/move/get/117748f3-2675-4ff0-8924-d4ffd83479cd/ HTTP/1.1" 200 714
INFO 2025-08-27 01:42:23,814 basehttp 2108 28968 "GET /api/booking/slots/?date=2025-08-29 HTTP/1.1" 200 107
INFO 2025-08-27 01:42:23,835 basehttp 2108 28968 "GET /api/booking/slots/?date=2025-08-29 HTTP/1.1" 200 107
INFO 2025-08-27 01:43:58,140 basehttp 2108 28592 "GET /api/move/get/117748f3-2675-4ff0-8924-d4ffd83479cd/ HTTP/1.1" 200 714
INFO 2025-08-27 01:43:58,158 basehttp 2108 28592 "GET /api/booking/slots/?date=2025-08-29 HTTP/1.1" 200 107
INFO 2025-08-27 01:44:01,767 basehttp 2108 28592 "GET /api/move/get/117748f3-2675-4ff0-8924-d4ffd83479cd/ HTTP/1.1" 200 714
INFO 2025-08-27 01:44:01,780 basehttp 2108 28592 "GET /api/booking/slots/?date=2025-08-29 HTTP/1.1" 200 107
INFO 2025-08-27 01:47:40,966 basehttp 2108 28592 "OPTIONS /api/auth/profile/ HTTP/1.1" 200 0
INFO 2025-08-27 01:47:40,968 basehttp 2108 28592 "OPTIONS /api/auth/profile/ HTTP/1.1" 200 0
INFO 2025-08-27 01:47:40,973 basehttp 2108 28592 "GET /api/auth/profile/ HTTP/1.1" 200 326
INFO 2025-08-27 01:47:40,980 basehttp 2108 28592 "GET /api/auth/profile/ HTTP/1.1" 200 326
ERROR 2025-08-27 01:47:49,594 exceptions 2108 28592 API Error: Method "PUT" not allowed. - Status: 405
WARNING 2025-08-27 01:47:49,595 log 2108 28592 Method Not Allowed: /api/auth/profile/
WARNING 2025-08-27 01:47:49,596 basehttp 2108 28592 "PUT /api/auth/profile/ HTTP/1.1" 405 122
ERROR 2025-08-27 01:47:50,652 exceptions 2108 28592 API Error: Method "PUT" not allowed. - Status: 405
WARNING 2025-08-27 01:47:50,653 log 2108 28592 Method Not Allowed: /api/auth/profile/
WARNING 2025-08-27 01:47:50,655 basehttp 2108 28592 "PUT /api/auth/profile/ HTTP/1.1" 405 122
WARNING 2025-08-27 01:48:39,231 log 2108 28592 Bad Request: /api/auth/logout/
WARNING 2025-08-27 01:48:39,315 basehttp 2108 28592 "POST /api/auth/logout/ HTTP/1.1" 400 143
INFO 2025-08-27 01:48:52,905 basehttp 2108 28592 "OPTIONS /api/auth/forgot-password/ HTTP/1.1" 200 0
INFO 2025-08-27 01:48:56,455 tasks 2108 28592 Password reset email sent to muhammadobaidullah1122@gmail.com
INFO 2025-08-27 01:48:56,456 basehttp 2108 28592 "POST /api/auth/forgot-password/ HTTP/1.1" 200 131
INFO 2025-08-27 01:49:39,246 tasks 2108 28592 Password reset email sent to muhammadobaidullah1122@gmail.com
INFO 2025-08-27 01:49:39,247 basehttp 2108 28592 "POST /api/auth/forgot-password/ HTTP/1.1" 200 131
INFO 2025-08-27 01:50:12,926 basehttp 2108 28592 "OPTIONS /api/auth/login/ HTTP/1.1" 200 0
INFO 2025-08-27 01:50:14,571 basehttp 2108 28592 "POST /api/auth/login/ HTTP/1.1" 200 841
INFO 2025-08-27 01:50:19,568 basehttp 2108 28592 "GET /api/auth/profile/ HTTP/1.1" 200 326
INFO 2025-08-27 01:50:19,586 basehttp 2108 28592 "GET /api/auth/profile/ HTTP/1.1" 200 326
INFO 2025-08-27 01:53:13,720 autoreload 2108 1080 C:\Users\hp\Desktop\ashish\frontend\backend\apps\authentication\tasks.py changed, reloading.
INFO 2025-08-27 01:53:15,439 autoreload 25888 20936 Watching for file changes with StatReloader
INFO 2025-08-27 01:53:51,078 basehttp 25888 33780 "GET /api/auth/profile/ HTTP/1.1" 200 326
INFO 2025-08-27 01:54:03,492 autoreload 25888 20936 C:\Users\hp\Desktop\ashish\frontend\backend\apps\authentication\tasks.py changed, reloading.
INFO 2025-08-27 01:54:04,700 autoreload 31288 23580 Watching for file changes with StatReloader
INFO 2025-08-27 01:54:18,886 autoreload 31288 23580 C:\Users\hp\Desktop\ashish\frontend\backend\apps\authentication\tasks.py changed, reloading.
INFO 2025-08-27 01:54:20,335 autoreload 27884 26400 Watching for file changes with StatReloader
INFO 2025-08-27 01:54:29,510 autoreload 27884 26400 C:\Users\hp\Desktop\ashish\frontend\backend\apps\authentication\tasks.py changed, reloading.
INFO 2025-08-27 01:54:30,830 autoreload 33616 33164 Watching for file changes with StatReloader
WARNING 2025-08-27 01:54:38,342 log 33616 19784 Bad Request: /api/auth/logout/
WARNING 2025-08-27 01:54:38,344 basehttp 33616 19784 "POST /api/auth/logout/ HTTP/1.1" 400 143
INFO 2025-08-27 01:55:14,197 tasks 33616 25616 Password reset email sent to muhammadobaidullah1122@gmail.com
INFO 2025-08-27 01:55:14,199 basehttp 33616 25616 "POST /api/auth/forgot-password/ HTTP/1.1" 200 131
INFO 2025-08-27 01:55:44,170 basehttp 33616 25616 "OPTIONS /api/auth/reset-password/ HTTP/1.1" 200 0
INFO 2025-08-27 01:55:44,639 basehttp 33616 25616 "POST /api/auth/reset-password/ HTTP/1.1" 200 81
INFO 2025-08-27 01:55:58,460 basehttp 33616 17288 "POST /api/auth/login/ HTTP/1.1" 200 841
INFO 2025-08-27 01:59:04,157 basehttp 33616 32868 "GET /api/auth/profile/ HTTP/1.1" 200 326
INFO 2025-08-27 01:59:04,169 basehttp 33616 32868 "GET /api/auth/profile/ HTTP/1.1" 200 326
INFO 2025-08-27 01:59:04,355 basehttp 33616 32868 "GET /api/auth/profile/ HTTP/1.1" 200 326
INFO 2025-08-27 01:59:04,365 basehttp 33616 32868 "GET /api/auth/profile/ HTTP/1.1" 200 326
INFO 2025-08-27 01:59:04,649 basehttp 33616 32868 "GET /api/auth/profile/ HTTP/1.1" 200 326
INFO 2025-08-27 01:59:04,664 basehttp 33616 32868 "GET /api/auth/profile/ HTTP/1.1" 200 326
INFO 2025-08-27 01:59:04,774 basehttp 33616 32868 "GET /api/auth/profile/ HTTP/1.1" 200 326
INFO 2025-08-27 01:59:04,970 basehttp 33616 32868 "GET /api/auth/profile/ HTTP/1.1" 200 326
INFO 2025-08-27 01:59:05,743 basehttp 33616 32868 "GET /api/auth/profile/ HTTP/1.1" 200 326
INFO 2025-08-27 01:59:05,757 basehttp 33616 32868 "GET /api/auth/profile/ HTTP/1.1" 200 326
INFO 2025-08-27 01:59:06,207 basehttp 33616 23720 "GET /api/auth/profile/ HTTP/1.1" 200 326
INFO 2025-08-27 01:59:06,224 basehttp 33616 23720 "GET /api/auth/profile/ HTTP/1.1" 200 326
INFO 2025-08-27 01:59:06,236 basehttp 33616 23720 "GET /api/auth/profile/ HTTP/1.1" 200 326
INFO 2025-08-27 01:59:06,251 basehttp 33616 23720 "GET /api/auth/profile/ HTTP/1.1" 200 326
INFO 2025-08-27 01:59:06,407 basehttp 33616 23720 "GET /api/auth/profile/ HTTP/1.1" 200 326
INFO 2025-08-27 01:59:06,418 basehttp 33616 23720 "GET /api/auth/profile/ HTTP/1.1" 200 326
INFO 2025-08-27 01:59:06,799 basehttp 33616 23720 "GET /api/auth/profile/ HTTP/1.1" 200 326
INFO 2025-08-27 01:59:06,821 basehttp 33616 23720 "GET /api/auth/profile/ HTTP/1.1" 200 326
INFO 2025-08-27 01:59:07,018 basehttp 33616 23720 "GET /api/auth/profile/ HTTP/1.1" 200 326
INFO 2025-08-27 01:59:07,031 basehttp 33616 23720 "GET /api/auth/profile/ HTTP/1.1" 200 326
INFO 2025-08-27 01:59:07,082 basehttp 33616 23720 "GET /api/auth/profile/ HTTP/1.1" 200 326
INFO 2025-08-27 01:59:07,108 basehttp 33616 23720 "GET /api/auth/profile/ HTTP/1.1" 200 326
INFO 2025-08-27 01:59:07,728 basehttp 33616 23720 "GET /api/auth/profile/ HTTP/1.1" 200 326
INFO 2025-08-27 01:59:07,744 basehttp 33616 23720 "GET /api/auth/profile/ HTTP/1.1" 200 326
INFO 2025-08-27 01:59:34,746 basehttp 33616 3108 "GET /api/auth/profile/ HTTP/1.1" 200 326
INFO 2025-08-27 01:59:34,759 basehttp 33616 3108 "GET /api/auth/profile/ HTTP/1.1" 200 326
INFO 2025-08-27 01:59:52,497 basehttp 33616 3108 "POST /api/auth/login/ HTTP/1.1" 200 841
